<?xml version="1.0" encoding="UTF-8"?>
<testsuite name="test.java.LibraryTest" tests="1" skipped="0" failures="0" errors="0" timestamp="2017-03-19T04:42:32" hostname="DESKTOP-UG24E8L" time="0.002">
  <properties/>
  <testcase name="testSomeLibraryMethod" classname="test.java.LibraryTest" time="0.002"/>
  <system-out><![CDATA[]]></system-out>
  <system-err><![CDATA[]]></system-err>
</testsuite>
